/*C2*/SET SCHEMA PUBLIC
drop table SOLDITEM if exists
drop table STOCKITEM if exists
create table SOLDITEM (id bigint generated by default as identity (start with 1), NAME varchar(255), PRICE double, QUANTITY integer, STOCKITEM bigint, primary key (id))
create table STOCKITEM (id bigint generated by default as identity (start with 1), DESCRIPTION varchar(255), NAME varchar(255), PRICE double, QUANTITY integer, primary key (id))
alter table SOLDITEM add constraint FKbvubyglgwhur11qiupos3ijdh foreign key (STOCKITEM) references STOCKITEM
DISCONNECT
/*C3*/SET SCHEMA PUBLIC
alter table SOLDITEM drop constraint FKbvubyglgwhur11qiupos3ijdh
drop table SOLDITEM if exists
drop table STOCKITEM if exists
create table SOLDITEM (id bigint generated by default as identity (start with 1), NAME varchar(255), PRICE double, QUANTITY integer, STOCKITEM bigint, primary key (id))
create table STOCKITEM (id bigint generated by default as identity (start with 1), DESCRIPTION varchar(255), NAME varchar(255), PRICE double, QUANTITY integer, primary key (id))
alter table SOLDITEM add constraint FKbvubyglgwhur11qiupos3ijdh foreign key (STOCKITEM) references STOCKITEM
DISCONNECT
/*C4*/SET SCHEMA PUBLIC
alter table SOLDITEM drop constraint FKbvubyglgwhur11qiupos3ijdh
drop table SOLDITEM if exists
drop table STOCKITEM if exists
create table SOLDITEM (id bigint generated by default as identity (start with 1), NAME varchar(255), PRICE double, QUANTITY integer, STOCKITEM bigint, primary key (id))
create table STOCKITEM (id bigint generated by default as identity (start with 1), DESCRIPTION varchar(255), NAME varchar(255), PRICE double, QUANTITY integer, primary key (id))
alter table SOLDITEM add constraint FKbvubyglgwhur11qiupos3ijdh foreign key (STOCKITEM) references STOCKITEM
DISCONNECT
/*C5*/SET SCHEMA PUBLIC
alter table SOLDITEM drop constraint FKbvubyglgwhur11qiupos3ijdh
drop table SOLDITEM if exists
drop table STOCKITEM if exists
create table SOLDITEM (id bigint generated by default as identity (start with 1), NAME varchar(255), PRICE double, QUANTITY integer, STOCKITEM bigint, primary key (id))
create table STOCKITEM (id bigint generated by default as identity (start with 1), DESCRIPTION varchar(255), NAME varchar(255), PRICE double, QUANTITY integer, primary key (id))
alter table SOLDITEM add constraint FKbvubyglgwhur11qiupos3ijdh foreign key (STOCKITEM) references STOCKITEM
DISCONNECT
/*C6*/SET SCHEMA PUBLIC
alter table SOLDITEM drop constraint FKbvubyglgwhur11qiupos3ijdh
drop table SOLDITEM if exists
drop table STOCKITEM if exists
create table SOLDITEM (id bigint generated by default as identity (start with 1), NAME varchar(255), PRICE double, QUANTITY integer, STOCKITEM bigint, primary key (id))
create table STOCKITEM (id bigint generated by default as identity (start with 1), DESCRIPTION varchar(255), NAME varchar(255), PRICE double, QUANTITY integer, primary key (id))
alter table SOLDITEM add constraint FKbvubyglgwhur11qiupos3ijdh foreign key (STOCKITEM) references STOCKITEM
/*C7*/SET SCHEMA PUBLIC
alter table SOLDITEM drop constraint FKbvubyglgwhur11qiupos3ijdh
drop table SOLDITEM if exists
drop table STOCKITEM if exists
create table SOLDITEM (id bigint generated by default as identity (start with 1), NAME varchar(255), PRICE double, QUANTITY integer, STOCKITEM bigint, primary key (id))
create table STOCKITEM (id bigint generated by default as identity (start with 1), DESCRIPTION varchar(255), NAME varchar(255), PRICE double, QUANTITY integer, primary key (id))
alter table SOLDITEM add constraint FKbvubyglgwhur11qiupos3ijdh foreign key (STOCKITEM) references STOCKITEM
/*C6*/DISCONNECT
/*C7*/DISCONNECT
/*C8*/SET SCHEMA PUBLIC
alter table SOLDITEM drop constraint FKbvubyglgwhur11qiupos3ijdh
drop table SOLDITEM if exists
drop table STOCKITEM if exists
create table SOLDITEM (id bigint generated by default as identity (start with 1), NAME varchar(255), PRICE double, QUANTITY integer, STOCKITEM bigint, primary key (id))
create table STOCKITEM (id bigint generated by default as identity (start with 1), DESCRIPTION varchar(255), NAME varchar(255), PRICE double, QUANTITY integer, primary key (id))
alter table SOLDITEM add constraint FKbvubyglgwhur11qiupos3ijdh foreign key (STOCKITEM) references STOCKITEM
DISCONNECT
/*C9*/SET SCHEMA PUBLIC
alter table SOLDITEM drop constraint FKbvubyglgwhur11qiupos3ijdh
drop table SOLDITEM if exists
drop table STOCKITEM if exists
create table SOLDITEM (id bigint generated by default as identity (start with 1), NAME varchar(255), PRICE double, QUANTITY integer, STOCKITEM bigint, primary key (id))
create table STOCKITEM (id bigint generated by default as identity (start with 1), DESCRIPTION varchar(255), NAME varchar(255), PRICE double, QUANTITY integer, primary key (id))
alter table SOLDITEM add constraint FKbvubyglgwhur11qiupos3ijdh foreign key (STOCKITEM) references STOCKITEM
DISCONNECT
/*C10*/SET SCHEMA PUBLIC
alter table SOLDITEM drop constraint FKbvubyglgwhur11qiupos3ijdh
drop table SOLDITEM if exists
drop table STOCKITEM if exists
create table SOLDITEM (id bigint generated by default as identity (start with 1), NAME varchar(255), PRICE double, QUANTITY integer, STOCKITEM bigint, primary key (id))
create table STOCKITEM (id bigint generated by default as identity (start with 1), DESCRIPTION varchar(255), NAME varchar(255), PRICE double, QUANTITY integer, primary key (id))
alter table SOLDITEM add constraint FKbvubyglgwhur11qiupos3ijdh foreign key (STOCKITEM) references STOCKITEM
DISCONNECT
/*C11*/SET SCHEMA PUBLIC
alter table SOLDITEM drop constraint FKbvubyglgwhur11qiupos3ijdh
drop table SOLDITEM if exists
drop table STOCKITEM if exists
create table SOLDITEM (id bigint generated by default as identity (start with 1), NAME varchar(255), PRICE double, QUANTITY integer, STOCKITEM bigint, primary key (id))
create table STOCKITEM (id bigint generated by default as identity (start with 1), DESCRIPTION varchar(255), NAME varchar(255), PRICE double, QUANTITY integer, primary key (id))
alter table SOLDITEM add constraint FKbvubyglgwhur11qiupos3ijdh foreign key (STOCKITEM) references STOCKITEM
DISCONNECT
/*C12*/SET SCHEMA PUBLIC
alter table SOLDITEM drop constraint FKbvubyglgwhur11qiupos3ijdh
drop table SOLDITEM if exists
drop table STOCKITEM if exists
create table SOLDITEM (id bigint generated by default as identity (start with 1), NAME varchar(255), PRICE double, QUANTITY integer, STOCKITEM bigint, primary key (id))
create table STOCKITEM (id bigint generated by default as identity (start with 1), DESCRIPTION varchar(255), NAME varchar(255), PRICE double, QUANTITY integer, primary key (id))
alter table SOLDITEM add constraint FKbvubyglgwhur11qiupos3ijdh foreign key (STOCKITEM) references STOCKITEM
/*C13*/SET SCHEMA PUBLIC
alter table SOLDITEM drop constraint FKbvubyglgwhur11qiupos3ijdh
drop table SOLDITEM if exists
drop table STOCKITEM if exists
create table SOLDITEM (id bigint generated by default as identity (start with 1), NAME varchar(255), PRICE double, QUANTITY integer, STOCKITEM bigint, primary key (id))
create table STOCKITEM (id bigint generated by default as identity (start with 1), DESCRIPTION varchar(255), NAME varchar(255), PRICE double, QUANTITY integer, primary key (id))
alter table SOLDITEM add constraint FKbvubyglgwhur11qiupos3ijdh foreign key (STOCKITEM) references STOCKITEM
/*C12*/DISCONNECT
/*C13*/DISCONNECT
/*C14*/SET SCHEMA PUBLIC
alter table SOLDITEM drop constraint FKbvubyglgwhur11qiupos3ijdh
drop table SOLDITEM if exists
drop table STOCKITEM if exists
create table SOLDITEM (id bigint generated by default as identity (start with 1), NAME varchar(255), PRICE double, QUANTITY integer, STOCKITEM bigint, primary key (id))
create table STOCKITEM (id bigint generated by default as identity (start with 1), DESCRIPTION varchar(255), NAME varchar(255), PRICE double, QUANTITY integer, primary key (id))
alter table SOLDITEM add constraint FKbvubyglgwhur11qiupos3ijdh foreign key (STOCKITEM) references STOCKITEM
DISCONNECT
/*C15*/SET SCHEMA PUBLIC
alter table SOLDITEM drop constraint FKbvubyglgwhur11qiupos3ijdh
drop table SOLDITEM if exists
drop table STOCKITEM if exists
create table SOLDITEM (id bigint generated by default as identity (start with 1), NAME varchar(255), PRICE double, QUANTITY integer, STOCKITEM bigint, primary key (id))
create table STOCKITEM (id bigint generated by default as identity (start with 1), DESCRIPTION varchar(255), NAME varchar(255), PRICE double, QUANTITY integer, primary key (id))
alter table SOLDITEM add constraint FKbvubyglgwhur11qiupos3ijdh foreign key (STOCKITEM) references STOCKITEM
DISCONNECT
/*C16*/SET SCHEMA PUBLIC
alter table SOLDITEM drop constraint FKbvubyglgwhur11qiupos3ijdh
drop table SOLDITEM if exists
drop table STOCKITEM if exists
create table SOLDITEM (id bigint generated by default as identity (start with 1), NAME varchar(255), PRICE double, QUANTITY integer, STOCKITEM bigint, primary key (id))
create table STOCKITEM (id bigint generated by default as identity (start with 1), DESCRIPTION varchar(255), NAME varchar(255), PRICE double, QUANTITY integer, primary key (id))
alter table SOLDITEM add constraint FKbvubyglgwhur11qiupos3ijdh foreign key (STOCKITEM) references STOCKITEM
/*C17*/SET SCHEMA PUBLIC
alter table SOLDITEM drop constraint FKbvubyglgwhur11qiupos3ijdh
drop table SOLDITEM if exists
drop table STOCKITEM if exists
create table SOLDITEM (id bigint generated by default as identity (start with 1), NAME varchar(255), PRICE double, QUANTITY integer, STOCKITEM bigint, primary key (id))
create table STOCKITEM (id bigint generated by default as identity (start with 1), DESCRIPTION varchar(255), NAME varchar(255), PRICE double, QUANTITY integer, primary key (id))
alter table SOLDITEM add constraint FKbvubyglgwhur11qiupos3ijdh foreign key (STOCKITEM) references STOCKITEM
/*C16*/DISCONNECT
/*C17*/DISCONNECT
/*C18*/SET SCHEMA PUBLIC
alter table SOLDITEM drop constraint FKbvubyglgwhur11qiupos3ijdh
drop table SOLDITEM if exists
drop table STOCKITEM if exists
create table SOLDITEM (id bigint generated by default as identity (start with 1), NAME varchar(255), PRICE double, QUANTITY integer, STOCKITEM bigint, primary key (id))
create table STOCKITEM (id bigint generated by default as identity (start with 1), DESCRIPTION varchar(255), NAME varchar(255), PRICE double, QUANTITY integer, primary key (id))
alter table SOLDITEM add constraint FKbvubyglgwhur11qiupos3ijdh foreign key (STOCKITEM) references STOCKITEM
DISCONNECT
/*C19*/SET SCHEMA PUBLIC
alter table SOLDITEM drop constraint FKbvubyglgwhur11qiupos3ijdh
drop table SOLDITEM if exists
drop table STOCKITEM if exists
create table SOLDITEM (id bigint generated by default as identity (start with 1), NAME varchar(255), PRICE double, QUANTITY integer, STOCKITEM bigint, primary key (id))
create table STOCKITEM (id bigint generated by default as identity (start with 1), DESCRIPTION varchar(255), NAME varchar(255), PRICE double, QUANTITY integer, primary key (id))
alter table SOLDITEM add constraint FKbvubyglgwhur11qiupos3ijdh foreign key (STOCKITEM) references STOCKITEM
/*C20*/SET SCHEMA PUBLIC
alter table SOLDITEM drop constraint FKbvubyglgwhur11qiupos3ijdh
drop table SOLDITEM if exists
drop table STOCKITEM if exists
create table SOLDITEM (id bigint generated by default as identity (start with 1), NAME varchar(255), PRICE double, QUANTITY integer, STOCKITEM bigint, primary key (id))
create table STOCKITEM (id bigint generated by default as identity (start with 1), DESCRIPTION varchar(255), NAME varchar(255), PRICE double, QUANTITY integer, primary key (id))
alter table SOLDITEM add constraint FKbvubyglgwhur11qiupos3ijdh foreign key (STOCKITEM) references STOCKITEM
/*C19*/DISCONNECT
/*C20*/DISCONNECT
/*C21*/SET SCHEMA PUBLIC
alter table SOLDITEM drop constraint FKbvubyglgwhur11qiupos3ijdh
drop table SOLDITEM if exists
drop table STOCKITEM if exists
create table SOLDITEM (id bigint generated by default as identity (start with 1), NAME varchar(255), PRICE double, QUANTITY integer, STOCKITEM bigint, primary key (id))
create table STOCKITEM (id bigint generated by default as identity (start with 1), DESCRIPTION varchar(255), NAME varchar(255), PRICE double, QUANTITY integer, primary key (id))
alter table SOLDITEM add constraint FKbvubyglgwhur11qiupos3ijdh foreign key (STOCKITEM) references STOCKITEM
DISCONNECT
/*C22*/SET SCHEMA PUBLIC
alter table SOLDITEM drop constraint FKbvubyglgwhur11qiupos3ijdh
drop table SOLDITEM if exists
drop table STOCKITEM if exists
create table SOLDITEM (id bigint generated by default as identity (start with 1), NAME varchar(255), PRICE double, QUANTITY integer, STOCKITEM bigint, primary key (id))
create table STOCKITEM (id bigint generated by default as identity (start with 1), DESCRIPTION varchar(255), NAME varchar(255), PRICE double, QUANTITY integer, primary key (id))
alter table SOLDITEM add constraint FKbvubyglgwhur11qiupos3ijdh foreign key (STOCKITEM) references STOCKITEM
/*C23*/SET SCHEMA PUBLIC
alter table SOLDITEM drop constraint FKbvubyglgwhur11qiupos3ijdh
drop table SOLDITEM if exists
drop table STOCKITEM if exists
create table SOLDITEM (id bigint generated by default as identity (start with 1), NAME varchar(255), PRICE double, QUANTITY integer, STOCKITEM bigint, primary key (id))
create table STOCKITEM (id bigint generated by default as identity (start with 1), DESCRIPTION varchar(255), NAME varchar(255), PRICE double, QUANTITY integer, primary key (id))
alter table SOLDITEM add constraint FKbvubyglgwhur11qiupos3ijdh foreign key (STOCKITEM) references STOCKITEM
/*C22*/DISCONNECT
/*C23*/DISCONNECT
/*C24*/SET SCHEMA PUBLIC
alter table SOLDITEM drop constraint FKbvubyglgwhur11qiupos3ijdh
drop table SOLDITEM if exists
drop table STOCKITEM if exists
create table SOLDITEM (id bigint generated by default as identity (start with 1), NAME varchar(255), PRICE double, QUANTITY integer, STOCKITEM bigint, primary key (id))
create table STOCKITEM (id bigint generated by default as identity (start with 1), DESCRIPTION varchar(255), NAME varchar(255), PRICE double, QUANTITY integer, primary key (id))
alter table SOLDITEM add constraint FKbvubyglgwhur11qiupos3ijdh foreign key (STOCKITEM) references STOCKITEM
DISCONNECT
/*C25*/SET SCHEMA PUBLIC
alter table SOLDITEM drop constraint FKbvubyglgwhur11qiupos3ijdh
drop table SOLDITEM if exists
drop table STOCKITEM if exists
create table SOLDITEM (id bigint generated by default as identity (start with 1), NAME varchar(255), PRICE double, QUANTITY integer, STOCKITEM bigint, primary key (id))
create table STOCKITEM (id bigint generated by default as identity (start with 1), DESCRIPTION varchar(255), NAME varchar(255), PRICE double, QUANTITY integer, primary key (id))
alter table SOLDITEM add constraint FKbvubyglgwhur11qiupos3ijdh foreign key (STOCKITEM) references STOCKITEM
DISCONNECT
/*C26*/SET SCHEMA PUBLIC
alter table SOLDITEM drop constraint FKbvubyglgwhur11qiupos3ijdh
drop table SOLDITEM if exists
drop table STOCKITEM if exists
create table SOLDITEM (id bigint generated by default as identity (start with 1), NAME varchar(255), PRICE double, QUANTITY integer, STOCKITEM bigint, primary key (id))
create table STOCKITEM (id bigint generated by default as identity (start with 1), DESCRIPTION varchar(255), NAME varchar(255), PRICE double, QUANTITY integer, primary key (id))
alter table SOLDITEM add constraint FKbvubyglgwhur11qiupos3ijdh foreign key (STOCKITEM) references STOCKITEM
DISCONNECT
/*C27*/SET SCHEMA PUBLIC
alter table SOLDITEM drop constraint FKbvubyglgwhur11qiupos3ijdh
drop table SOLDITEM if exists
drop table STOCKITEM if exists
create table SOLDITEM (id bigint generated by default as identity (start with 1), NAME varchar(255), PRICE double, QUANTITY integer, STOCKITEM bigint, primary key (id))
create table STOCKITEM (id bigint generated by default as identity (start with 1), DESCRIPTION varchar(255), NAME varchar(255), PRICE double, QUANTITY integer, primary key (id))
alter table SOLDITEM add constraint FKbvubyglgwhur11qiupos3ijdh foreign key (STOCKITEM) references STOCKITEM
DISCONNECT
/*C28*/SET SCHEMA PUBLIC
alter table SOLDITEM drop constraint FKbvubyglgwhur11qiupos3ijdh
drop table SOLDITEM if exists
drop table STOCKITEM if exists
create table SOLDITEM (id bigint generated by default as identity (start with 1), NAME varchar(255), PRICE double, QUANTITY integer, STOCKITEM bigint not null, primary key (id))
create table STOCKITEM (id bigint generated by default as identity (start with 1), DESCRIPTION varchar(255), NAME varchar(255), PRICE double, QUANTITY integer, primary key (id))
alter table SOLDITEM add constraint FKbvubyglgwhur11qiupos3ijdh foreign key (STOCKITEM) references STOCKITEM
DISCONNECT
/*C29*/SET SCHEMA PUBLIC
alter table SOLDITEM drop constraint FKbvubyglgwhur11qiupos3ijdh
drop table SOLDITEM if exists
drop table STOCKITEM if exists
create table SOLDITEM (id bigint generated by default as identity (start with 1), NAME varchar(255), PRICE double, QUANTITY integer, STOCKITEM bigint not null, primary key (id))
create table STOCKITEM (id bigint generated by default as identity (start with 1), DESCRIPTION varchar(255), NAME varchar(255), PRICE double, QUANTITY integer, primary key (id))
alter table SOLDITEM add constraint FKbvubyglgwhur11qiupos3ijdh foreign key (STOCKITEM) references STOCKITEM
DISCONNECT
/*C30*/SET SCHEMA PUBLIC
DISCONNECT
/*C31*/SET SCHEMA PUBLIC
DISCONNECT
/*C32*/SET SCHEMA PUBLIC
DISCONNECT
/*C33*/SET SCHEMA PUBLIC
DISCONNECT
/*C34*/SET SCHEMA PUBLIC
DISCONNECT
/*C35*/SET SCHEMA PUBLIC
DISCONNECT
/*C36*/SET SCHEMA PUBLIC
DISCONNECT
/*C37*/SET SCHEMA PUBLIC
DISCONNECT
/*C38*/SET SCHEMA PUBLIC
DISCONNECT
/*C39*/SET SCHEMA PUBLIC
DISCONNECT
/*C40*/SET SCHEMA PUBLIC
DISCONNECT
/*C41*/SET SCHEMA PUBLIC
DISCONNECT
/*C42*/SET SCHEMA PUBLIC
DISCONNECT
/*C43*/SET SCHEMA PUBLIC
DISCONNECT
/*C44*/SET SCHEMA PUBLIC
DISCONNECT
/*C45*/SET SCHEMA PUBLIC
DISCONNECT
/*C46*/SET SCHEMA PUBLIC
DISCONNECT
/*C47*/SET SCHEMA PUBLIC
DISCONNECT
/*C48*/SET SCHEMA PUBLIC
DISCONNECT
/*C49*/SET SCHEMA PUBLIC
DISCONNECT
/*C50*/SET SCHEMA PUBLIC
DISCONNECT
/*C51*/SET SCHEMA PUBLIC
DISCONNECT
/*C52*/SET SCHEMA PUBLIC
DISCONNECT
/*C53*/SET SCHEMA PUBLIC
DISCONNECT
/*C54*/SET SCHEMA PUBLIC
DISCONNECT
/*C55*/SET SCHEMA PUBLIC
DISCONNECT
/*C56*/SET SCHEMA PUBLIC
DISCONNECT
/*C57*/SET SCHEMA PUBLIC
DISCONNECT
/*C58*/SET SCHEMA PUBLIC
DISCONNECT
/*C59*/SET SCHEMA PUBLIC
DISCONNECT
/*C60*/SET SCHEMA PUBLIC
DISCONNECT
/*C61*/SET SCHEMA PUBLIC
DISCONNECT
